#
# There is insufficient memory for the Java Runtime Environment to continue.
# Native memory allocation (malloc) failed to allocate 795856 bytes for Chunk::new
# Possible reasons:
#   The system is out of physical RAM or swap space
#   The process is running with CompressedOops enabled, and the Java Heap may be blocking the growth of the native heap
# Possible solutions:
#   Reduce memory load on the system
#   Increase physical memory or swap space
#   Check if swap backing store is full
#   Decrease Java heap size (-Xmx/-Xms)
#   Decrease number of Java threads
#   Decrease Java thread stack sizes (-Xss)
#   Set larger code cache with -XX:ReservedCodeCacheSize=
#   JVM is running with Unscaled Compressed Oops mode in which the Java heap is
#     placed in the first 4GB address space. The Java Heap base address is the
#     maximum limit for the native heap growth. Please use -XX:HeapBaseMinAddress
#     to set the Java Heap base and to place the Java Heap above 4GB virtual address.
# This output file may be truncated or incomplete.
#
#  Out of Memory Error (arena.cpp:189), pid=71468, tid=67880
#
# JRE version: OpenJDK Runtime Environment JBR-17.0.7+10-829.16-jcef (17.0.7+10) (build 17.0.7+10-b829.16)
# Java VM: OpenJDK 64-Bit Server VM JBR-17.0.7+10-829.16-jcef (17.0.7+10-b829.16, mixed mode, tiered, compressed oops, compressed class ptrs, g1 gc, windows-amd64)
# No core dump will be written. Minidumps are not enabled by default on client versions of Windows
#

---------------  S U M M A R Y ------------

Command Line: -Djava.net.preferIPv4Stack=true -Djava.rmi.server.hostname=127.0.0.1 -Duser.timezone=UTC -Xmx750m -Xms128m --add-exports=java.desktop/sun.awt=ALL-UNNAMED --add-exports=java.desktop/java.awt.peer=ALL-UNNAMED --add-opens=java.desktop/java.awt=ALL-UNNAMED --add-opens=jdk.unsupported/sun.misc=ALL-UNNAMED --add-opens=java.base/java.nio=ALL-UNNAMED --add-opens=java.base/java.util=ALL-UNNAMED -Dfile.encoding=UTF-8 com.intellij.database.remote.RemoteJdbcServer org.mariadb.jdbc.Driver

Host: Intel(R) Core(TM) i5-8265U CPU @ 1.60GHz, 8 cores, 7G,  Windows 11 , 64 bit Build 22621 (10.0.22621.2506)
Time: Mon Dec 11 13:01:41 2023  Windows 11 , 64 bit Build 22621 (10.0.22621.2506) elapsed time: 2.116248 seconds (0d 0h 0m 2s)

---------------  T H R E A D  ---------------

Current thread (0x000001b42202ee30):  JavaThread "C2 CompilerThread0" daemon [_thread_in_native, id=67880, stack(0x0000004f42500000,0x0000004f42600000)]


Current CompileTask:
C2:   2116  970       4       jdk.internal.org.objectweb.asm.Frame::execute (2305 bytes)

Stack: [0x0000004f42500000,0x0000004f42600000]
Native frames: (J=compiled Java code, j=interpreted, Vv=VM code, C=native code)
V  [jvm.dll+0x683cca]
V  [jvm.dll+0x8424b4]
V  [jvm.dll+0x843cae]
V  [jvm.dll+0x844313]
V  [jvm.dll+0x24ad2f]
V  [jvm.dll+0xac25c]
V  [jvm.dll+0xac82c]
V  [jvm.dll+0x2b218f]
V  [jvm.dll+0x58c427]
V  [jvm.dll+0x225a12]
V  [jvm.dll+0x21ed62]
V  [jvm.dll+0x21c56b]
V  [jvm.dll+0x1a605d]
V  [jvm.dll+0x22c148]
V  [jvm.dll+0x22a209]
V  [jvm.dll+0x7f863c]
V  [jvm.dll+0x7f2b9a]
V  [jvm.dll+0x682b05]
C  [ucrtbase.dll+0x29363]
C  [KERNEL32.DLL+0x1257d]
C  [ntdll.dll+0x5aa58]


---------------  P R O C E S S  ---------------

Threads class SMR info:
_java_thread_list=0x000001b42267e6e0, length=22, elements={
0x000001b406a99dc0, 0x000001b41db86020, 0x000001b41db87630, 0x000001b41dbb6aa0,
0x000001b41dbb7360, 0x000001b41db9ff40, 0x000001b41dba0fa0, 0x000001b42202ee30,
0x000001b42202f730, 0x000001b4220327e0, 0x000001b4221a8b00, 0x000001b4221a8fd0,
0x000001b4224a0bd0, 0x000001b42248c5a0, 0x000001b4225cdef0, 0x000001b4225cf700,
0x000001b4225ce3c0, 0x000001b4225ce890, 0x000001b4225ced60, 0x000001b4225d00a0,
0x000001b4225cf230, 0x000001b4225d0570
}

Java Threads: ( => current thread )
  0x000001b406a99dc0 JavaThread "main" [_thread_blocked, id=65820, stack(0x0000004f41800000,0x0000004f41900000)]
  0x000001b41db86020 JavaThread "Reference Handler" daemon [_thread_blocked, id=28636, stack(0x0000004f41f00000,0x0000004f42000000)]
  0x000001b41db87630 JavaThread "Finalizer" daemon [_thread_blocked, id=70788, stack(0x0000004f42000000,0x0000004f42100000)]
  0x000001b41dbb6aa0 JavaThread "Signal Dispatcher" daemon [_thread_blocked, id=64676, stack(0x0000004f42100000,0x0000004f42200000)]
  0x000001b41dbb7360 JavaThread "Attach Listener" daemon [_thread_blocked, id=56512, stack(0x0000004f42200000,0x0000004f42300000)]
  0x000001b41db9ff40 JavaThread "Service Thread" daemon [_thread_blocked, id=70200, stack(0x0000004f42300000,0x0000004f42400000)]
  0x000001b41dba0fa0 JavaThread "Monitor Deflation Thread" daemon [_thread_blocked, id=4160, stack(0x0000004f42400000,0x0000004f42500000)]
=>0x000001b42202ee30 JavaThread "C2 CompilerThread0" daemon [_thread_in_native, id=67880, stack(0x0000004f42500000,0x0000004f42600000)]
  0x000001b42202f730 JavaThread "C1 CompilerThread0" daemon [_thread_blocked, id=56456, stack(0x0000004f42600000,0x0000004f42700000)]
  0x000001b4220327e0 JavaThread "Sweeper thread" daemon [_thread_blocked, id=65908, stack(0x0000004f42700000,0x0000004f42800000)]
  0x000001b4221a8b00 JavaThread "Common-Cleaner" daemon [_thread_blocked, id=71664, stack(0x0000004f42800000,0x0000004f42900000)]
  0x000001b4221a8fd0 JavaThread "Notification Thread" daemon [_thread_blocked, id=60452, stack(0x0000004f42900000,0x0000004f42a00000)]
  0x000001b4224a0bd0 JavaThread "RMI TCP Accept-4260" daemon [_thread_in_native, id=66848, stack(0x0000004f42b00000,0x0000004f42c00000)]
  0x000001b42248c5a0 JavaThread "RMI TCP Accept-0" daemon [_thread_in_native, id=14656, stack(0x0000004f42c00000,0x0000004f42d00000)]
  0x000001b4225cdef0 JavaThread "RMI Reaper" [_thread_blocked, id=67868, stack(0x0000004f42d00000,0x0000004f42e00000)]
  0x000001b4225cf700 JavaThread "RMI GC Daemon" daemon [_thread_blocked, id=68696, stack(0x0000004f42e00000,0x0000004f42f00000)]
  0x000001b4225ce3c0 JavaThread "RMI TCP Connection(1)-127.0.0.1" daemon [_thread_in_native, id=68600, stack(0x0000004f42f00000,0x0000004f43000000)]
  0x000001b4225ce890 JavaThread "RMI TCP Connection(2)-127.0.0.1" daemon [_thread_in_native, id=59120, stack(0x0000004f43000000,0x0000004f43100000)]
  0x000001b4225ced60 JavaThread "RMI Scheduler(0)" daemon [_thread_blocked, id=65284, stack(0x0000004f43100000,0x0000004f43200000)]
  0x000001b4225d00a0 JavaThread "RMI TCP Connection(3)-127.0.0.1" daemon [_thread_in_native, id=64064, stack(0x0000004f43200000,0x0000004f43300000)]
  0x000001b4225cf230 JavaThread "RMI TCP Connection(4)-127.0.0.1" daemon [_thread_in_native, id=70988, stack(0x0000004f43300000,0x0000004f43400000)]
  0x000001b4225d0570 JavaThread "RMI RenewClean-[127.0.0.1:49879]" daemon [_thread_blocked, id=43096, stack(0x0000004f43400000,0x0000004f43500000)]

Other Threads:
  0x000001b41db64450 VMThread "VM Thread" [stack: 0x0000004f41e00000,0x0000004f41f00000] [id=3980]
  0x000001b4221a94a0 WatcherThread [stack: 0x0000004f42a00000,0x0000004f42b00000] [id=70064]
  0x000001b406ace6a0 GCTaskThread "GC Thread#0" [stack: 0x0000004f41900000,0x0000004f41a00000] [id=2300]
  0x000001b406ad53a0 ConcurrentGCThread "G1 Main Marker" [stack: 0x0000004f41a00000,0x0000004f41b00000] [id=68180]
  0x000001b406ad6dc0 ConcurrentGCThread "G1 Conc#0" [stack: 0x0000004f41b00000,0x0000004f41c00000] [id=56392]
  0x000001b406b4ec10 ConcurrentGCThread "G1 Refine#0" [stack: 0x0000004f41c00000,0x0000004f41d00000] [id=70196]
  0x000001b41d9d07d0 ConcurrentGCThread "G1 Service" [stack: 0x0000004f41d00000,0x0000004f41e00000] [id=68284]

Threads with active compile tasks:
C2 CompilerThread0     2139  970       4       jdk.internal.org.objectweb.asm.Frame::execute (2305 bytes)

VM state: not at safepoint (normal execution)

VM Mutex/Monitor currently owned by a thread: None

Heap address: 0x00000000d1200000, size: 750 MB, Compressed Oops mode: 32-bit

CDS archive(s) not mapped
Compressed class space mapped at: 0x0000000100000000-0x0000000140000000, reserved size: 1073741824
Narrow klass base: 0x0000000000000000, Narrow klass shift: 3, Narrow klass range: 0x140000000

GC Precious Log:
 CPUs: 8 total, 8 available
 Memory: 8082M
 Large Page Support: Disabled
 NUMA Support: Disabled
 Compressed Oops: Enabled (32-bit)
 Heap Region Size: 1M
 Heap Min Capacity: 128M
 Heap Initial Capacity: 128M
 Heap Max Capacity: 750M
 Pre-touch: Disabled
 Parallel Workers: 8
 Concurrent Workers: 2
 Concurrent Refinement Workers: 8
 Periodic GC: Disabled

Heap:
 garbage-first heap   total 131072K, used 15360K [0x00000000d1200000, 0x0000000100000000)
  region size 1024K, 17 young (17408K), 0 survivors (0K)
 Metaspace       used 15037K, committed 15296K, reserved 1114112K
  class space    used 1544K, committed 1664K, reserved 1048576K

Heap Regions: E=young(eden), S=young(survivor), O=old, HS=humongous(starts), HC=humongous(continues), CS=collection set, F=free, OA=open archive, CA=closed archive, TAMS=top-at-mark-start (previous, next)
|   0|0x00000000d1200000, 0x00000000d1200000, 0x00000000d1300000|  0%| F|  |TAMS 0x00000000d1200000, 0x00000000d1200000| Untracked 
|   1|0x00000000d1300000, 0x00000000d1300000, 0x00000000d1400000|  0%| F|  |TAMS 0x00000000d1300000, 0x00000000d1300000| Untracked 
|   2|0x00000000d1400000, 0x00000000d1400000, 0x00000000d1500000|  0%| F|  |TAMS 0x00000000d1400000, 0x00000000d1400000| Untracked 
|   3|0x00000000d1500000, 0x00000000d1500000, 0x00000000d1600000|  0%| F|  |TAMS 0x00000000d1500000, 0x00000000d1500000| Untracked 
|   4|0x00000000d1600000, 0x00000000d1600000, 0x00000000d1700000|  0%| F|  |TAMS 0x00000000d1600000, 0x00000000d1600000| Untracked 
|   5|0x00000000d1700000, 0x00000000d1700000, 0x00000000d1800000|  0%| F|  |TAMS 0x00000000d1700000, 0x00000000d1700000| Untracked 
|   6|0x00000000d1800000, 0x00000000d1800000, 0x00000000d1900000|  0%| F|  |TAMS 0x00000000d1800000, 0x00000000d1800000| Untracked 
|   7|0x00000000d1900000, 0x00000000d1900000, 0x00000000d1a00000|  0%| F|  |TAMS 0x00000000d1900000, 0x00000000d1900000| Untracked 
|   8|0x00000000d1a00000, 0x00000000d1a00000, 0x00000000d1b00000|  0%| F|  |TAMS 0x00000000d1a00000, 0x00000000d1a00000| Untracked 
|   9|0x00000000d1b00000, 0x00000000d1b00000, 0x00000000d1c00000|  0%| F|  |TAMS 0x00000000d1b00000, 0x00000000d1b00000| Untracked 
|  10|0x00000000d1c00000, 0x00000000d1c00000, 0x00000000d1d00000|  0%| F|  |TAMS 0x00000000d1c00000, 0x00000000d1c00000| Untracked 
|  11|0x00000000d1d00000, 0x00000000d1d00000, 0x00000000d1e00000|  0%| F|  |TAMS 0x00000000d1d00000, 0x00000000d1d00000| Untracked 
|  12|0x00000000d1e00000, 0x00000000d1e00000, 0x00000000d1f00000|  0%| F|  |TAMS 0x00000000d1e00000, 0x00000000d1e00000| Untracked 
|  13|0x00000000d1f00000, 0x00000000d1f00000, 0x00000000d2000000|  0%| F|  |TAMS 0x00000000d1f00000, 0x00000000d1f00000| Untracked 
|  14|0x00000000d2000000, 0x00000000d2000000, 0x00000000d2100000|  0%| F|  |TAMS 0x00000000d2000000, 0x00000000d2000000| Untracked 
|  15|0x00000000d2100000, 0x00000000d2100000, 0x00000000d2200000|  0%| F|  |TAMS 0x00000000d2100000, 0x00000000d2100000| Untracked 
|  16|0x00000000d2200000, 0x00000000d2200000, 0x00000000d2300000|  0%| F|  |TAMS 0x00000000d2200000, 0x00000000d2200000| Untracked 
|  17|0x00000000d2300000, 0x00000000d2300000, 0x00000000d2400000|  0%| F|  |TAMS 0x00000000d2300000, 0x00000000d2300000| Untracked 
|  18|0x00000000d2400000, 0x00000000d2400000, 0x00000000d2500000|  0%| F|  |TAMS 0x00000000d2400000, 0x00000000d2400000| Untracked 
|  19|0x00000000d2500000, 0x00000000d2500000, 0x00000000d2600000|  0%| F|  |TAMS 0x00000000d2500000, 0x00000000d2500000| Untracked 
|  20|0x00000000d2600000, 0x00000000d2600000, 0x00000000d2700000|  0%| F|  |TAMS 0x00000000d2600000, 0x00000000d2600000| Untracked 
|  21|0x00000000d2700000, 0x00000000d2700000, 0x00000000d2800000|  0%| F|  |TAMS 0x00000000d2700000, 0x00000000d2700000| Untracked 
|  22|0x00000000d2800000, 0x00000000d2800000, 0x00000000d2900000|  0%| F|  |TAMS 0x00000000d2800000, 0x00000000d2800000| Untracked 
|  23|0x00000000d2900000, 0x00000000d2900000, 0x00000000d2a00000|  0%| F|  |TAMS 0x00000000d2900000, 0x00000000d2900000| Untracked 
|  24|0x00000000d2a00000, 0x00000000d2a00000, 0x00000000d2b00000|  0%| F|  |TAMS 0x00000000d2a00000, 0x00000000d2a00000| Untracked 
|  25|0x00000000d2b00000, 0x00000000d2b00000, 0x00000000d2c00000|  0%| F|  |TAMS 0x00000000d2b00000, 0x00000000d2b00000| Untracked 
|  26|0x00000000d2c00000, 0x00000000d2c00000, 0x00000000d2d00000|  0%| F|  |TAMS 0x00000000d2c00000, 0x00000000d2c00000| Untracked 
|  27|0x00000000d2d00000, 0x00000000d2d00000, 0x00000000d2e00000|  0%| F|  |TAMS 0x00000000d2d00000, 0x00000000d2d00000| Untracked 
|  28|0x00000000d2e00000, 0x00000000d2e00000, 0x00000000d2f00000|  0%| F|  |TAMS 0x00000000d2e00000, 0x00000000d2e00000| Untracked 
|  29|0x00000000d2f00000, 0x00000000d2f00000, 0x00000000d3000000|  0%| F|  |TAMS 0x00000000d2f00000, 0x00000000d2f00000| Untracked 
|  30|0x00000000d3000000, 0x00000000d3000000, 0x00000000d3100000|  0%| F|  |TAMS 0x00000000d3000000, 0x00000000d3000000| Untracked 
|  31|0x00000000d3100000, 0x00000000d3100000, 0x00000000d3200000|  0%| F|  |TAMS 0x00000000d3100000, 0x00000000d3100000| Untracked 
|  32|0x00000000d3200000, 0x00000000d3200000, 0x00000000d3300000|  0%| F|  |TAMS 0x00000000d3200000, 0x00000000d3200000| Untracked 
|  33|0x00000000d3300000, 0x00000000d3300000, 0x00000000d3400000|  0%| F|  |TAMS 0x00000000d3300000, 0x00000000d3300000| Untracked 
|  34|0x00000000d3400000, 0x00000000d3400000, 0x00000000d3500000|  0%| F|  |TAMS 0x00000000d3400000, 0x00000000d3400000| Untracked 
|  35|0x00000000d3500000, 0x00000000d3500000, 0x00000000d3600000|  0%| F|  |TAMS 0x00000000d3500000, 0x00000000d3500000| Untracked 
|  36|0x00000000d3600000, 0x00000000d3600000, 0x00000000d3700000|  0%| F|  |TAMS 0x00000000d3600000, 0x00000000d3600000| Untracked 
|  37|0x00000000d3700000, 0x00000000d3700000, 0x00000000d3800000|  0%| F|  |TAMS 0x00000000d3700000, 0x00000000d3700000| Untracked 
|  38|0x00000000d3800000, 0x00000000d3800000, 0x00000000d3900000|  0%| F|  |TAMS 0x00000000d3800000, 0x00000000d3800000| Untracked 
|  39|0x00000000d3900000, 0x00000000d3900000, 0x00000000d3a00000|  0%| F|  |TAMS 0x00000000d3900000, 0x00000000d3900000| Untracked 
|  40|0x00000000d3a00000, 0x00000000d3a00000, 0x00000000d3b00000|  0%| F|  |TAMS 0x00000000d3a00000, 0x00000000d3a00000| Untracked 
|  41|0x00000000d3b00000, 0x00000000d3b00000, 0x00000000d3c00000|  0%| F|  |TAMS 0x00000000d3b00000, 0x00000000d3b00000| Untracked 
|  42|0x00000000d3c00000, 0x00000000d3c00000, 0x00000000d3d00000|  0%| F|  |TAMS 0x00000000d3c00000, 0x00000000d3c00000| Untracked 
|  43|0x00000000d3d00000, 0x00000000d3d00000, 0x00000000d3e00000|  0%| F|  |TAMS 0x00000000d3d00000, 0x00000000d3d00000| Untracked 
|  44|0x00000000d3e00000, 0x00000000d3e00000, 0x00000000d3f00000|  0%| F|  |TAMS 0x00000000d3e00000, 0x00000000d3e00000| Untracked 
|  45|0x00000000d3f00000, 0x00000000d3f00000, 0x00000000d4000000|  0%| F|  |TAMS 0x00000000d3f00000, 0x00000000d3f00000| Untracked 
|  46|0x00000000d4000000, 0x00000000d4000000, 0x00000000d4100000|  0%| F|  |TAMS 0x00000000d4000000, 0x00000000d4000000| Untracked 
|  47|0x00000000d4100000, 0x00000000d4100000, 0x00000000d4200000|  0%| F|  |TAMS 0x00000000d4100000, 0x00000000d4100000| Untracked 
|  48|0x00000000d4200000, 0x00000000d4200000, 0x00000000d4300000|  0%| F|  |TAMS 0x00000000d4200000, 0x00000000d4200000| Untracked 
|  49|0x00000000d4300000, 0x00000000d4300000, 0x00000000d4400000|  0%| F|  |TAMS 0x00000000d4300000, 0x00000000d4300000| Untracked 
|  50|0x00000000d4400000, 0x00000000d4400000, 0x00000000d4500000|  0%| F|  |TAMS 0x00000000d4400000, 0x00000000d4400000| Untracked 
|  51|0x00000000d4500000, 0x00000000d4500000, 0x00000000d4600000|  0%| F|  |TAMS 0x00000000d4500000, 0x00000000d4500000| Untracked 
|  52|0x00000000d4600000, 0x00000000d4600000, 0x00000000d4700000|  0%| F|  |TAMS 0x00000000d4600000, 0x00000000d4600000| Untracked 
|  53|0x00000000d4700000, 0x00000000d4700000, 0x00000000d4800000|  0%| F|  |TAMS 0x00000000d4700000, 0x00000000d4700000| Untracked 
|  54|0x00000000d4800000, 0x00000000d4800000, 0x00000000d4900000|  0%| F|  |TAMS 0x00000000d4800000, 0x00000000d4800000| Untracked 
|  55|0x00000000d4900000, 0x00000000d4900000, 0x00000000d4a00000|  0%| F|  |TAMS 0x00000000d4900000, 0x00000000d4900000| Untracked 
|  56|0x00000000d4a00000, 0x00000000d4a00000, 0x00000000d4b00000|  0%| F|  |TAMS 0x00000000d4a00000, 0x00000000d4a00000| Untracked 
|  57|0x00000000d4b00000, 0x00000000d4b00000, 0x00000000d4c00000|  0%| F|  |TAMS 0x00000000d4b00000, 0x00000000d4b00000| Untracked 
|  58|0x00000000d4c00000, 0x00000000d4c00000, 0x00000000d4d00000|  0%| F|  |TAMS 0x00000000d4c00000, 0x00000000d4c00000| Untracked 
|  59|0x00000000d4d00000, 0x00000000d4d00000, 0x00000000d4e00000|  0%| F|  |TAMS 0x00000000d4d00000, 0x00000000d4d00000| Untracked 
|  60|0x00000000d4e00000, 0x00000000d4e00000, 0x00000000d4f00000|  0%| F|  |TAMS 0x00000000d4e00000, 0x00000000d4e00000| Untracked 
|  61|0x00000000d4f00000, 0x00000000d4f00000, 0x00000000d5000000|  0%| F|  |TAMS 0x00000000d4f00000, 0x00000000d4f00000| Untracked 
|  62|0x00000000d5000000, 0x00000000d5000000, 0x00000000d5100000|  0%| F|  |TAMS 0x00000000d5000000, 0x00000000d5000000| Untracked 
|  63|0x00000000d5100000, 0x00000000d5100000, 0x00000000d5200000|  0%| F|  |TAMS 0x00000000d5100000, 0x00000000d5100000| Untracked 
|  64|0x00000000d5200000, 0x00000000d5200000, 0x00000000d5300000|  0%| F|  |TAMS 0x00000000d5200000, 0x00000000d5200000| Untracked 
|  65|0x00000000d5300000, 0x00000000d5300000, 0x00000000d5400000|  0%| F|  |TAMS 0x00000000d5300000, 0x00000000d5300000| Untracked 
|  66|0x00000000d5400000, 0x00000000d5400000, 0x00000000d5500000|  0%| F|  |TAMS 0x00000000d5400000, 0x00000000d5400000| Untracked 
|  67|0x00000000d5500000, 0x00000000d5500000, 0x00000000d5600000|  0%| F|  |TAMS 0x00000000d5500000, 0x00000000d5500000| Untracked 
|  68|0x00000000d5600000, 0x00000000d5600000, 0x00000000d5700000|  0%| F|  |TAMS 0x00000000d5600000, 0x00000000d5600000| Untracked 
|  69|0x00000000d5700000, 0x00000000d5700000, 0x00000000d5800000|  0%| F|  |TAMS 0x00000000d5700000, 0x00000000d5700000| Untracked 
|  70|0x00000000d5800000, 0x00000000d5800000, 0x00000000d5900000|  0%| F|  |TAMS 0x00000000d5800000, 0x00000000d5800000| Untracked 
|  71|0x00000000d5900000, 0x00000000d5900000, 0x00000000d5a00000|  0%| F|  |TAMS 0x00000000d5900000, 0x00000000d5900000| Untracked 
|  72|0x00000000d5a00000, 0x00000000d5a00000, 0x00000000d5b00000|  0%| F|  |TAMS 0x00000000d5a00000, 0x00000000d5a00000| Untracked 
|  73|0x00000000d5b00000, 0x00000000d5b00000, 0x00000000d5c00000|  0%| F|  |TAMS 0x00000000d5b00000, 0x00000000d5b00000| Untracked 
|  74|0x00000000d5c00000, 0x00000000d5c00000, 0x00000000d5d00000|  0%| F|  |TAMS 0x00000000d5c00000, 0x00000000d5c00000| Untracked 
|  75|0x00000000d5d00000, 0x00000000d5d00000, 0x00000000d5e00000|  0%| F|  |TAMS 0x00000000d5d00000, 0x00000000d5d00000| Untracked 
|  76|0x00000000d5e00000, 0x00000000d5e00000, 0x00000000d5f00000|  0%| F|  |TAMS 0x00000000d5e00000, 0x00000000d5e00000| Untracked 
|  77|0x00000000d5f00000, 0x00000000d5f00000, 0x00000000d6000000|  0%| F|  |TAMS 0x00000000d5f00000, 0x00000000d5f00000| Untracked 
|  78|0x00000000d6000000, 0x00000000d6000000, 0x00000000d6100000|  0%| F|  |TAMS 0x00000000d6000000, 0x00000000d6000000| Untracked 
|  79|0x00000000d6100000, 0x00000000d6100000, 0x00000000d6200000|  0%| F|  |TAMS 0x00000000d6100000, 0x00000000d6100000| Untracked 
|  80|0x00000000d6200000, 0x00000000d6200000, 0x00000000d6300000|  0%| F|  |TAMS 0x00000000d6200000, 0x00000000d6200000| Untracked 
|  81|0x00000000d6300000, 0x00000000d6300000, 0x00000000d6400000|  0%| F|  |TAMS 0x00000000d6300000, 0x00000000d6300000| Untracked 
|  82|0x00000000d6400000, 0x00000000d6400000, 0x00000000d6500000|  0%| F|  |TAMS 0x00000000d6400000, 0x00000000d6400000| Untracked 
|  83|0x00000000d6500000, 0x00000000d6500000, 0x00000000d6600000|  0%| F|  |TAMS 0x00000000d6500000, 0x00000000d6500000| Untracked 
|  84|0x00000000d6600000, 0x00000000d6600000, 0x00000000d6700000|  0%| F|  |TAMS 0x00000000d6600000, 0x00000000d6600000| Untracked 
|  85|0x00000000d6700000, 0x00000000d6700000, 0x00000000d6800000|  0%| F|  |TAMS 0x00000000d6700000, 0x00000000d6700000| Untracked 
|  86|0x00000000d6800000, 0x00000000d6800000, 0x00000000d6900000|  0%| F|  |TAMS 0x00000000d6800000, 0x00000000d6800000| Untracked 
|  87|0x00000000d6900000, 0x00000000d6900000, 0x00000000d6a00000|  0%| F|  |TAMS 0x00000000d6900000, 0x00000000d6900000| Untracked 
|  88|0x00000000d6a00000, 0x00000000d6a00000, 0x00000000d6b00000|  0%| F|  |TAMS 0x00000000d6a00000, 0x00000000d6a00000| Untracked 
|  89|0x00000000d6b00000, 0x00000000d6b00000, 0x00000000d6c00000|  0%| F|  |TAMS 0x00000000d6b00000, 0x00000000d6b00000| Untracked 
|  90|0x00000000d6c00000, 0x00000000d6c00000, 0x00000000d6d00000|  0%| F|  |TAMS 0x00000000d6c00000, 0x00000000d6c00000| Untracked 
|  91|0x00000000d6d00000, 0x00000000d6d00000, 0x00000000d6e00000|  0%| F|  |TAMS 0x00000000d6d00000, 0x00000000d6d00000| Untracked 
|  92|0x00000000d6e00000, 0x00000000d6e00000, 0x00000000d6f00000|  0%| F|  |TAMS 0x00000000d6e00000, 0x00000000d6e00000| Untracked 
|  93|0x00000000d6f00000, 0x00000000d6f00000, 0x00000000d7000000|  0%| F|  |TAMS 0x00000000d6f00000, 0x00000000d6f00000| Untracked 
|  94|0x00000000d7000000, 0x00000000d7000000, 0x00000000d7100000|  0%| F|  |TAMS 0x00000000d7000000, 0x00000000d7000000| Untracked 
|  95|0x00000000d7100000, 0x00000000d7100000, 0x00000000d7200000|  0%| F|  |TAMS 0x00000000d7100000, 0x00000000d7100000| Untracked 
|  96|0x00000000d7200000, 0x00000000d7200000, 0x00000000d7300000|  0%| F|  |TAMS 0x00000000d7200000, 0x00000000d7200000| Untracked 
|  97|0x00000000d7300000, 0x00000000d7300000, 0x00000000d7400000|  0%| F|  |TAMS 0x00000000d7300000, 0x00000000d7300000| Untracked 
|  98|0x00000000d7400000, 0x00000000d7400000, 0x00000000d7500000|  0%| F|  |TAMS 0x00000000d7400000, 0x00000000d7400000| Untracked 
|  99|0x00000000d7500000, 0x00000000d7500000, 0x00000000d7600000|  0%| F|  |TAMS 0x00000000d7500000, 0x00000000d7500000| Untracked 
| 100|0x00000000d7600000, 0x00000000d7600000, 0x00000000d7700000|  0%| F|  |TAMS 0x00000000d7600000, 0x00000000d7600000| Untracked 
| 101|0x00000000d7700000, 0x00000000d7700000, 0x00000000d7800000|  0%| F|  |TAMS 0x00000000d7700000, 0x00000000d7700000| Untracked 
| 102|0x00000000d7800000, 0x00000000d7800000, 0x00000000d7900000|  0%| F|  |TAMS 0x00000000d7800000, 0x00000000d7800000| Untracked 
| 103|0x00000000d7900000, 0x00000000d7900000, 0x00000000d7a00000|  0%| F|  |TAMS 0x00000000d7900000, 0x00000000d7900000| Untracked 
| 104|0x00000000d7a00000, 0x00000000d7a00000, 0x00000000d7b00000|  0%| F|  |TAMS 0x00000000d7a00000, 0x00000000d7a00000| Untracked 
| 105|0x00000000d7b00000, 0x00000000d7b00000, 0x00000000d7c00000|  0%| F|  |TAMS 0x00000000d7b00000, 0x00000000d7b00000| Untracked 
| 106|0x00000000d7c00000, 0x00000000d7c00000, 0x00000000d7d00000|  0%| F|  |TAMS 0x00000000d7c00000, 0x00000000d7c00000| Untracked 
| 107|0x00000000d7d00000, 0x00000000d7d00000, 0x00000000d7e00000|  0%| F|  |TAMS 0x00000000d7d00000, 0x00000000d7d00000| Untracked 
| 108|0x00000000d7e00000, 0x00000000d7e00000, 0x00000000d7f00000|  0%| F|  |TAMS 0x00000000d7e00000, 0x00000000d7e00000| Untracked 
| 109|0x00000000d7f00000, 0x00000000d7f00000, 0x00000000d8000000|  0%| F|  |TAMS 0x00000000d7f00000, 0x00000000d7f00000| Untracked 
| 110|0x00000000d8000000, 0x00000000d8000000, 0x00000000d8100000|  0%| F|  |TAMS 0x00000000d8000000, 0x00000000d8000000| Untracked 
| 111|0x00000000d8100000, 0x00000000d8176578, 0x00000000d8200000| 46%| E|  |TAMS 0x00000000d8100000, 0x00000000d8100000| Complete 
| 112|0x00000000d8200000, 0x00000000d8300000, 0x00000000d8300000|100%| E|CS|TAMS 0x00000000d8200000, 0x00000000d8200000| Complete 
| 113|0x00000000d8300000, 0x00000000d8400000, 0x00000000d8400000|100%| E|CS|TAMS 0x00000000d8300000, 0x00000000d8300000| Complete 
| 114|0x00000000d8400000, 0x00000000d8500000, 0x00000000d8500000|100%| E|CS|TAMS 0x00000000d8400000, 0x00000000d8400000| Complete 
| 115|0x00000000d8500000, 0x00000000d8600000, 0x00000000d8600000|100%| E|CS|TAMS 0x00000000d8500000, 0x00000000d8500000| Complete 
| 116|0x00000000d8600000, 0x00000000d8700000, 0x00000000d8700000|100%| E|CS|TAMS 0x00000000d8600000, 0x00000000d8600000| Complete 
| 117|0x00000000d8700000, 0x00000000d8800000, 0x00000000d8800000|100%| E|CS|TAMS 0x00000000d8700000, 0x00000000d8700000| Complete 
| 118|0x00000000d8800000, 0x00000000d8900000, 0x00000000d8900000|100%| E|CS|TAMS 0x00000000d8800000, 0x00000000d8800000| Complete 
| 119|0x00000000d8900000, 0x00000000d8a00000, 0x00000000d8a00000|100%| E|CS|TAMS 0x00000000d8900000, 0x00000000d8900000| Complete 
| 120|0x00000000d8a00000, 0x00000000d8b00000, 0x00000000d8b00000|100%| E|CS|TAMS 0x00000000d8a00000, 0x00000000d8a00000| Complete 
| 121|0x00000000d8b00000, 0x00000000d8c00000, 0x00000000d8c00000|100%| E|CS|TAMS 0x00000000d8b00000, 0x00000000d8b00000| Complete 
| 122|0x00000000d8c00000, 0x00000000d8d00000, 0x00000000d8d00000|100%| E|CS|TAMS 0x00000000d8c00000, 0x00000000d8c00000| Complete 
| 123|0x00000000d8d00000, 0x00000000d8e00000, 0x00000000d8e00000|100%| E|CS|TAMS 0x00000000d8d00000, 0x00000000d8d00000| Complete 
| 124|0x00000000d8e00000, 0x00000000d8f00000, 0x00000000d8f00000|100%| E|CS|TAMS 0x00000000d8e00000, 0x00000000d8e00000| Complete 
| 125|0x00000000d8f00000, 0x00000000d9000000, 0x00000000d9000000|100%| E|CS|TAMS 0x00000000d8f00000, 0x00000000d8f00000| Complete 
| 126|0x00000000d9000000, 0x00000000d9100000, 0x00000000d9100000|100%| E|  |TAMS 0x00000000d9000000, 0x00000000d9000000| Complete 
| 127|0x00000000d9100000, 0x00000000d9200000, 0x00000000d9200000|100%| E|CS|TAMS 0x00000000d9100000, 0x00000000d9100000| Complete 

Card table byte_map: [0x000001b4196c0000,0x000001b419840000] _byte_map_base: 0x000001b419037000

Marking Bits (Prev, Next): (CMBitMap*) 0x000001b406acecb0, (CMBitMap*) 0x000001b406acecf0
 Prev Bits: [0x000001b4199c0000, 0x000001b41a578000)
 Next Bits: [0x000001b41a580000, 0x000001b41b138000)

Polling page: 0x000001b406260000

Metaspace:

Usage:
  Non-class:     13.18 MB used.
      Class:      1.51 MB used.
       Both:     14.69 MB used.

Virtual space:
  Non-class space:       64.00 MB reserved,      13.31 MB ( 21%) committed,  1 nodes.
      Class space:        1.00 GB reserved,       1.62 MB ( <1%) committed,  1 nodes.
             Both:        1.06 GB reserved,      14.94 MB (  1%) committed. 

Chunk freelists:
   Non-Class:  2.20 MB
       Class:  14.20 MB
        Both:  16.40 MB

MaxMetaspaceSize: unlimited
CompressedClassSpaceSize: 1.00 GB
Initial GC threshold: 21.00 MB
Current GC threshold: 21.00 MB
CDS: off
MetaspaceReclaimPolicy: balanced
 - commit_granule_bytes: 65536.
 - commit_granule_words: 8192.
 - virtual_space_node_default_size: 8388608.
 - enlarge_chunks_in_place: 1.
 - new_chunks_are_fully_committed: 0.
 - uncommit_free_chunks: 1.
 - use_allocation_guard: 0.
 - handle_deallocations: 1.


Internal statistics:

num_allocs_failed_limit: 0.
num_arena_births: 262.
num_arena_deaths: 0.
num_vsnodes_births: 2.
num_vsnodes_deaths: 0.
num_space_committed: 239.
num_space_uncommitted: 0.
num_chunks_returned_to_freelist: 0.
num_chunks_taken_from_freelist: 466.
num_chunk_merges: 0.
num_chunk_splits: 282.
num_chunks_enlarged: 122.
num_inconsistent_stats: 0.

CodeHeap 'non-profiled nmethods': size=120000Kb used=303Kb max_used=303Kb free=119696Kb
 bounds [0x000001b411ce0000, 0x000001b411f50000, 0x000001b419210000]
CodeHeap 'profiled nmethods': size=120000Kb used=1608Kb max_used=1608Kb free=118391Kb
 bounds [0x000001b40a210000, 0x000001b40a480000, 0x000001b411740000]
CodeHeap 'non-nmethods': size=5760Kb used=1171Kb max_used=1185Kb free=4588Kb
 bounds [0x000001b411740000, 0x000001b4119b0000, 0x000001b411ce0000]
 total_blobs=1456 nmethods=988 adapters=381
 compilation: enabled
              stopped_count=0, restarted_count=0
 full_count=0

Compilation events (20 events):
Event: 2.069 Thread 0x000001b42202f730  981       3       jdk.internal.org.objectweb.asm.Handler::putExceptionTable (63 bytes)
Event: 2.069 Thread 0x000001b42202f730 nmethod 981 0x000001b40a39d710 code [0x000001b40a39d920, 0x000001b40a39dd48]
Event: 2.069 Thread 0x000001b42202f730  980       3       java.lang.reflect.ProxyGenerator$ProxyMethod::emitIconstInsn (75 bytes)
Event: 2.069 Thread 0x000001b42202f730 nmethod 980 0x000001b40a39e010 code [0x000001b40a39e240, 0x000001b40a39eaf8]
Event: 2.071 Thread 0x000001b42202f730  982       3       java.lang.PublicMethods$MethodList::filter (104 bytes)
Event: 2.071 Thread 0x000001b42202f730 nmethod 982 0x000001b40a39ed10 code [0x000001b40a39ef40, 0x000001b40a39f998]
Event: 2.071 Thread 0x000001b42202f730  984       3       java.lang.reflect.Method::copy (84 bytes)
Event: 2.072 Thread 0x000001b42202f730 nmethod 984 0x000001b40a39fe90 code [0x000001b40a3a0060, 0x000001b40a3a0458]
Event: 2.072 Thread 0x000001b42202f730  985       3       java.security.AccessController::doPrivileged (9 bytes)
Event: 2.072 Thread 0x000001b42202f730 nmethod 985 0x000001b40a3a0590 code [0x000001b40a3a0760, 0x000001b40a3a0a78]
Event: 2.072 Thread 0x000001b42202f730  986       3       java.io.OutputStream::<init> (5 bytes)
Event: 2.072 Thread 0x000001b42202f730 nmethod 986 0x000001b40a3a0c10 code [0x000001b40a3a0da0, 0x000001b40a3a0ef8]
Event: 2.072 Thread 0x000001b42202f730  987       1       java.security.Provider$Service::getProvider (5 bytes)
Event: 2.073 Thread 0x000001b42202f730 nmethod 987 0x000001b411d2bb10 code [0x000001b411d2bca0, 0x000001b411d2bd78]
Event: 2.073 Thread 0x000001b42202f730  988       3       java.lang.reflect.Method::getParameterTypes (11 bytes)
Event: 2.073 Thread 0x000001b42202f730 nmethod 988 0x000001b40a3a0f90 code [0x000001b40a3a1140, 0x000001b40a3a13e8]
Event: 2.073 Thread 0x000001b42202f730  989       3       java.security.Provider$ServiceKey::hashCode (19 bytes)
Event: 2.073 Thread 0x000001b42202f730 nmethod 989 0x000001b40a3a1510 code [0x000001b40a3a16c0, 0x000001b40a3a1858]
Event: 2.073 Thread 0x000001b42202f730  990       3       java.lang.reflect.Constructor::newInstanceWithCaller (75 bytes)
Event: 2.073 Thread 0x000001b42202f730 nmethod 990 0x000001b40a3a1990 code [0x000001b40a3a1b80, 0x000001b40a3a1f78]

GC Heap History (0 events):
No events

Dll operation events (1 events):
Event: 0.020 Loaded shared library C:\Program Files\JetBrains\IntelliJ IDEA 2023.1.4\jbr\bin\java.dll

Deoptimization events (20 events):
Event: 0.226 Thread 0x000001b406a99dc0 Uncommon trap: trap_request=0xffffff45 fr.pc=0x000001b411ce6ab4 relative=0x0000000000000294
Event: 0.226 Thread 0x000001b406a99dc0 Uncommon trap: reason=unstable_if action=reinterpret pc=0x000001b411ce6ab4 method=java.util.zip.ZipCoder$UTF8ZipCoder.checkedHash([BII)I @ 75 c2
Event: 0.226 Thread 0x000001b406a99dc0 DEOPT PACKING pc=0x000001b411ce6ab4 sp=0x0000004f418fd7f0
Event: 0.226 Thread 0x000001b406a99dc0 DEOPT UNPACKING pc=0x000001b4117969a3 sp=0x0000004f418fd780 mode 2
Event: 0.226 Thread 0x000001b406a99dc0 Uncommon trap: trap_request=0xffffff45 fr.pc=0x000001b411ce84e8 relative=0x0000000000000168
Event: 0.226 Thread 0x000001b406a99dc0 Uncommon trap: reason=unstable_if action=reinterpret pc=0x000001b411ce84e8 method=java.util.zip.ZipFile$Source.isMetaName([BII)Z @ 15 c2
Event: 0.226 Thread 0x000001b406a99dc0 DEOPT PACKING pc=0x000001b411ce84e8 sp=0x0000004f418fd8b0
Event: 0.226 Thread 0x000001b406a99dc0 DEOPT UNPACKING pc=0x000001b4117969a3 sp=0x0000004f418fd858 mode 2
Event: 1.752 Thread 0x000001b406a99dc0 DEOPT PACKING pc=0x000001b40a227de7 sp=0x0000004f418fcc80
Event: 1.752 Thread 0x000001b406a99dc0 DEOPT UNPACKING pc=0x000001b411797143 sp=0x0000004f418fc0a0 mode 0
Event: 1.766 Thread 0x000001b406a99dc0 DEOPT PACKING pc=0x000001b40a223fd1 sp=0x0000004f418fcb40
Event: 1.766 Thread 0x000001b406a99dc0 DEOPT UNPACKING pc=0x000001b411797143 sp=0x0000004f418fbfb8 mode 0
Event: 1.874 Thread 0x000001b4225d00a0 Uncommon trap: trap_request=0xffffff45 fr.pc=0x000001b411d1134c relative=0x00000000000004ac
Event: 1.874 Thread 0x000001b4225d00a0 Uncommon trap: reason=unstable_if action=reinterpret pc=0x000001b411d1134c method=java.lang.StringLatin1.replace([BCC)Ljava/lang/String; @ 19 c2
Event: 1.874 Thread 0x000001b4225d00a0 DEOPT PACKING pc=0x000001b411d1134c sp=0x0000004f432fd960
Event: 1.874 Thread 0x000001b4225d00a0 DEOPT UNPACKING pc=0x000001b4117969a3 sp=0x0000004f432fd8d0 mode 2
Event: 2.055 Thread 0x000001b4225d00a0 Uncommon trap: trap_request=0xffffff45 fr.pc=0x000001b411d24ee8 relative=0x0000000000000368
Event: 2.055 Thread 0x000001b4225d00a0 Uncommon trap: reason=unstable_if action=reinterpret pc=0x000001b411d24ee8 method=java.lang.StringUTF16.compress([CI[BII)I @ 20 c2
Event: 2.055 Thread 0x000001b4225d00a0 DEOPT PACKING pc=0x000001b411d24ee8 sp=0x0000004f432fb2b0
Event: 2.055 Thread 0x000001b4225d00a0 DEOPT UNPACKING pc=0x000001b4117969a3 sp=0x0000004f432fb230 mode 2

Classes unloaded (0 events):
No events

Classes redefined (0 events):
No events

Internal exceptions (20 events):
Event: 0.313 Thread 0x000001b406a99dc0 Exception <a 'java/lang/IncompatibleClassChangeError'{0x00000000d8d3bc80}: Found class java.lang.Object, but interface was expected> (0x00000000d8d3bc80) 
thrown [s\src\hotspot\share\interpreter\linkResolver.cpp, line 838]
Event: 0.314 Thread 0x000001b406a99dc0 Exception <a 'java/lang/IncompatibleClassChangeError'{0x00000000d8d3d1b8}: Found class java.lang.Object, but interface was expected> (0x00000000d8d3d1b8) 
thrown [s\src\hotspot\share\interpreter\linkResolver.cpp, line 838]
Event: 0.314 Thread 0x000001b406a99dc0 Exception <a 'java/lang/IncompatibleClassChangeError'{0x00000000d8d3e290}: Found class java.lang.Object, but interface was expected> (0x00000000d8d3e290) 
thrown [s\src\hotspot\share\interpreter\linkResolver.cpp, line 838]
Event: 0.314 Thread 0x000001b406a99dc0 Exception <a 'java/lang/IncompatibleClassChangeError'{0x00000000d8d3f750}: Found class java.lang.Object, but interface was expected> (0x00000000d8d3f750) 
thrown [s\src\hotspot\share\interpreter\linkResolver.cpp, line 838]
Event: 0.314 Thread 0x000001b406a99dc0 Exception <a 'java/lang/IncompatibleClassChangeError'{0x00000000d8d406e8}: Found class java.lang.Object, but interface was expected> (0x00000000d8d406e8) 
thrown [s\src\hotspot\share\interpreter\linkResolver.cpp, line 838]
Event: 0.348 Thread 0x000001b406a99dc0 Exception <a 'java/lang/NoSuchMethodError'{0x00000000d8d7d3c8}: 'java.lang.Object java.lang.invoke.DirectMethodHandle$Holder.invokeStaticInit(java.lang.Object)'> (0x00000000d8d7d3c8) 
thrown [s\src\hotspot\share\interpreter\linkResolver.cpp, line 771]
Event: 0.411 Thread 0x000001b406a99dc0 Exception <a 'java/lang/NoSuchMethodError'{0x00000000d8c02360}: 'java.lang.Object java.lang.invoke.DirectMethodHandle$Holder.invokeStaticInit(java.lang.Object, int, int, int, int)'> (0x00000000d8c02360) 
thrown [s\src\hotspot\share\interpreter\linkResolver.cpp, line 771]
Event: 1.684 Thread 0x000001b406a99dc0 Exception <a 'java/lang/NoSuchMethodError'{0x00000000d8c97590}: 'java.lang.Object java.lang.invoke.DirectMethodHandle$Holder.invokeStaticInit(java.lang.Object, java.lang.Object, int, int, int, int)'> (0x00000000d8c97590) 
thrown [s\src\hotspot\share\interpreter\linkResolver.cpp, line 771]
Event: 1.769 Thread 0x000001b406a99dc0 Exception <a 'java/lang/NoSuchMethodError'{0x00000000d8aa4078}: 'java.lang.Object java.lang.invoke.Invokers$Holder.linkToTargetMethod(java.lang.Object, long, java.lang.Object)'> (0x00000000d8aa4078) 
thrown [s\src\hotspot\share\interpreter\linkResolver.cpp, line 771]
Event: 1.828 Thread 0x000001b4225cf230 Exception <a 'java/lang/NoSuchMethodError'{0x00000000d889c6b0}: static [B.<clinit>()V> (0x00000000d889c6b0) 
thrown [s\src\hotspot\share\prims\jni.cpp, line 1108]
Event: 1.828 Thread 0x000001b4225d00a0 Exception <a 'java/lang/NoSuchMethodError'{0x00000000d8823b80}: static [B.<clinit>()V> (0x00000000d8823b80) 
thrown [s\src\hotspot\share\prims\jni.cpp, line 1108]
Event: 1.852 Thread 0x000001b4225d00a0 Exception <a 'java/lang/NoSuchMethodError'{0x00000000d8851730}: static [Ljava/rmi/server/ObjID;.<clinit>()V> (0x00000000d8851730) 
thrown [s\src\hotspot\share\prims\jni.cpp, line 1108]
Event: 1.856 Thread 0x000001b4225d0570 Exception <a 'java/lang/InterruptedException'{0x00000000d88ee090}> (0x00000000d88ee090) 
thrown [s\src\hotspot\share\runtime\objectMonitor.cpp, line 1658]
Event: 1.857 Thread 0x000001b4225d00a0 Exception <a 'java/lang/NoSuchMethodError'{0x00000000d8859040}: 'void java.lang.invoke.DirectMethodHandle$Holder.invokeSpecial(java.lang.Object, java.lang.Object, java.lang.Object)'> (0x00000000d8859040) 
thrown [s\src\hotspot\share\interpreter\linkResolver.cpp, line 771]
Event: 1.857 Thread 0x000001b4225d0570 Exception <a 'java/lang/NoSuchMethodError'{0x00000000d88f6830}: 'java.lang.Object java.lang.invoke.DirectMethodHandle$Holder.newInvokeSpecial(java.lang.Object, java.lang.Object, int, java.lang.Object, long)'> (0x00000000d88f6830) 
thrown [s\src\hotspot\share\interpreter\linkResolver.cpp, line 771]
Event: 1.857 Thread 0x000001b4225d00a0 Exception <a 'java/lang/NoSuchMethodError'{0x00000000d885c5a8}: 'void java.lang.invoke.Invokers$Holder.invoke_MT(java.lang.Object, java.lang.Object, java.lang.Object)'> (0x00000000d885c5a8) 
thrown [s\src\hotspot\share\interpreter\linkResolver.cpp, line 771]
Event: 1.964 Thread 0x000001b4225d00a0 Exception <a 'java/lang/NoClassDefFoundError'{0x00000000d8403200}: com/sun/jna/Platform> (0x00000000d8403200) 
thrown [s\src\hotspot\share\classfile\systemDictionary.cpp, line 245]
Event: 2.001 Thread 0x000001b4225d00a0 Exception <a 'java/lang/NoSuchMethodError'{0x00000000d84fb8f8}: 'java.lang.Object java.lang.invoke.DirectMethodHandle$Holder.invokeStatic(java.lang.Object, java.lang.Object, long, java.lang.Object)'> (0x00000000d84fb8f8) 
thrown [s\src\hotspot\share\interpreter\linkResolver.cpp, line 771]
Event: 2.001 Thread 0x000001b4225d00a0 Exception <a 'java/lang/NoSuchMethodError'{0x00000000d84ff390}: 'java.lang.Object java.lang.invoke.DirectMethodHandle$Holder.invokeStaticInit(java.lang.Object, java.lang.Object, long, java.lang.Object)'> (0x00000000d84ff390) 
thrown [s\src\hotspot\share\interpreter\linkResolver.cpp, line 771]
Event: 2.002 Thread 0x000001b4225d00a0 Exception <a 'java/lang/NoSuchMethodError'{0x00000000d8306040}: 'java.lang.Object java.lang.invoke.DirectMethodHandle$Holder.newInvokeSpecial(java.lang.Object, java.lang.Object, long)'> (0x00000000d8306040) 
thrown [s\src\hotspot\share\interpreter\linkResolver.cpp, line 771]

VM Operations (6 events):
Event: 0.197 Executing VM operation: HandshakeAllThreads
Event: 0.197 Executing VM operation: HandshakeAllThreads done
Event: 0.335 Executing VM operation: HandshakeAllThreads
Event: 0.335 Executing VM operation: HandshakeAllThreads done
Event: 1.345 Executing VM operation: Cleanup
Event: 1.345 Executing VM operation: Cleanup done

Events (20 events):
Event: 2.054 loading class jdk/internal/icu/util/CodePointTrie$Type
Event: 2.054 loading class jdk/internal/icu/util/CodePointTrie$Type done
Event: 2.054 loading class jdk/internal/icu/util/CodePointTrie$ValueWidth
Event: 2.054 loading class jdk/internal/icu/util/CodePointTrie$ValueWidth done
Event: 2.054 loading class java/nio/ByteBufferAsCharBufferB
Event: 2.054 loading class java/nio/ByteBufferAsCharBufferB done
Event: 2.054 loading class jdk/internal/icu/util/CodePointTrie$1
Event: 2.054 loading class jdk/internal/icu/util/CodePointTrie$1 done
Event: 2.054 loading class jdk/internal/icu/util/CodePointTrie$Data16
Event: 2.055 loading class jdk/internal/icu/util/CodePointTrie$Data
Event: 2.055 loading class jdk/internal/icu/util/CodePointTrie$Data done
Event: 2.055 loading class jdk/internal/icu/util/CodePointTrie$Data16 done
Event: 2.055 loading class jdk/internal/icu/impl/Norm2AllModes$ComposeNormalizer2
Event: 2.055 loading class jdk/internal/icu/impl/Norm2AllModes$Normalizer2WithImpl
Event: 2.055 loading class jdk/internal/icu/impl/Norm2AllModes$Normalizer2WithImpl done
Event: 2.055 loading class jdk/internal/icu/impl/Norm2AllModes$ComposeNormalizer2 done
Event: 2.055 loading class jdk/internal/icu/impl/Norm2AllModes$DecomposeNormalizer2
Event: 2.055 loading class jdk/internal/icu/impl/Norm2AllModes$DecomposeNormalizer2 done
Event: 2.055 loading class java/util/regex/Pattern$NFCCharProperty
Event: 2.055 loading class java/util/regex/Pattern$NFCCharProperty done


Dynamic libraries:
0x00007ff625420000 - 0x00007ff62542a000 	C:\Program Files\JetBrains\IntelliJ IDEA 2023.1.4\jbr\bin\java.exe
0x00007ffa5f6f0000 - 0x00007ffa5f907000 	C:\WINDOWS\SYSTEM32\ntdll.dll
0x00007ffa5e250000 - 0x00007ffa5e314000 	C:\WINDOWS\System32\KERNEL32.DLL
0x00007ffa5d090000 - 0x00007ffa5d435000 	C:\WINDOWS\System32\KERNELBASE.dll
0x00007ffa5cd00000 - 0x00007ffa5ce11000 	C:\WINDOWS\System32\ucrtbase.dll
0x00007ffa470b0000 - 0x00007ffa470c7000 	C:\Program Files\JetBrains\IntelliJ IDEA 2023.1.4\jbr\bin\jli.dll
0x00007ffa55710000 - 0x00007ffa5572b000 	C:\Program Files\JetBrains\IntelliJ IDEA 2023.1.4\jbr\bin\VCRUNTIME140.dll
0x00007ffa5e8d0000 - 0x00007ffa5ea7e000 	C:\WINDOWS\System32\USER32.dll
0x00007ffa5cf40000 - 0x00007ffa5cf66000 	C:\WINDOWS\System32\win32u.dll
0x00007ffa5f1c0000 - 0x00007ffa5f1e9000 	C:\WINDOWS\System32\GDI32.dll
0x00007ffa5ce20000 - 0x00007ffa5cf39000 	C:\WINDOWS\System32\gdi32full.dll
0x00007ffa5cff0000 - 0x00007ffa5d08a000 	C:\WINDOWS\System32\msvcp_win.dll
0x00007ffa4bab0000 - 0x00007ffa4bd43000 	C:\WINDOWS\WinSxS\amd64_microsoft.windows.common-controls_6595b64144ccf1df_6.0.22621.2506_none_270c5ae97388e100\COMCTL32.dll
0x00007ffa5e1a0000 - 0x00007ffa5e247000 	C:\WINDOWS\System32\msvcrt.dll
0x00007ffa5f410000 - 0x00007ffa5f441000 	C:\WINDOWS\System32\IMM32.DLL
0x00007ffa55700000 - 0x00007ffa5570c000 	C:\Program Files\JetBrains\IntelliJ IDEA 2023.1.4\jbr\bin\vcruntime140_1.dll
0x00007ffa1f800000 - 0x00007ffa1f88d000 	C:\Program Files\JetBrains\IntelliJ IDEA 2023.1.4\jbr\bin\msvcp140.dll
0x00007ffa136c0000 - 0x00007ffa1432e000 	C:\Program Files\JetBrains\IntelliJ IDEA 2023.1.4\jbr\bin\server\jvm.dll
0x00007ffa5ea80000 - 0x00007ffa5eb31000 	C:\WINDOWS\System32\ADVAPI32.dll
0x00007ffa5f360000 - 0x00007ffa5f406000 	C:\WINDOWS\System32\sechost.dll
0x00007ffa5e320000 - 0x00007ffa5e437000 	C:\WINDOWS\System32\RPCRT4.dll
0x00007ffa553f0000 - 0x00007ffa55424000 	C:\WINDOWS\SYSTEM32\WINMM.dll
0x00007ffa3c410000 - 0x00007ffa3c419000 	C:\WINDOWS\SYSTEM32\WSOCK32.dll
0x00007ffa54ba0000 - 0x00007ffa54baa000 	C:\WINDOWS\SYSTEM32\VERSION.dll
0x00007ffa5e020000 - 0x00007ffa5e091000 	C:\WINDOWS\System32\WS2_32.dll
0x00007ffa5bab0000 - 0x00007ffa5bac8000 	C:\WINDOWS\SYSTEM32\kernel.appcore.dll
0x00007ffa57d10000 - 0x00007ffa57d1a000 	C:\Program Files\JetBrains\IntelliJ IDEA 2023.1.4\jbr\bin\jimage.dll
0x00007ffa5a0a0000 - 0x00007ffa5a2d3000 	C:\WINDOWS\SYSTEM32\DBGHELP.DLL
0x00007ffa5e540000 - 0x00007ffa5e8c9000 	C:\WINDOWS\System32\combase.dll
0x00007ffa5e440000 - 0x00007ffa5e517000 	C:\WINDOWS\System32\OLEAUT32.dll
0x00007ffa42540000 - 0x00007ffa42572000 	C:\WINDOWS\SYSTEM32\dbgcore.DLL
0x00007ffa5cf70000 - 0x00007ffa5cfea000 	C:\WINDOWS\System32\bcryptPrimitives.dll
0x00007ffa48820000 - 0x00007ffa48845000 	C:\Program Files\JetBrains\IntelliJ IDEA 2023.1.4\jbr\bin\java.dll
0x00007ffa49390000 - 0x00007ffa493a8000 	C:\Program Files\JetBrains\IntelliJ IDEA 2023.1.4\jbr\bin\zip.dll
0x00007ffa5d440000 - 0x00007ffa5dc99000 	C:\WINDOWS\System32\SHELL32.dll
0x00007ffa5a940000 - 0x00007ffa5b234000 	C:\WINDOWS\SYSTEM32\windows.storage.dll
0x00007ffa5a800000 - 0x00007ffa5a93e000 	C:\WINDOWS\SYSTEM32\wintypes.dll
0x00007ffa5f0c0000 - 0x00007ffa5f1b3000 	C:\WINDOWS\System32\SHCORE.dll
0x00007ffa5f4b0000 - 0x00007ffa5f50e000 	C:\WINDOWS\System32\shlwapi.dll
0x00007ffa5c990000 - 0x00007ffa5c9b6000 	C:\WINDOWS\SYSTEM32\profapi.dll
0x00007ffa48d20000 - 0x00007ffa48d39000 	C:\Program Files\JetBrains\IntelliJ IDEA 2023.1.4\jbr\bin\net.dll
0x00007ffa54600000 - 0x00007ffa54737000 	C:\WINDOWS\SYSTEM32\WINHTTP.dll
0x00007ffa5bf90000 - 0x00007ffa5bff9000 	C:\WINDOWS\system32\mswsock.dll
0x00007ffa48800000 - 0x00007ffa48816000 	C:\Program Files\JetBrains\IntelliJ IDEA 2023.1.4\jbr\bin\nio.dll
0x00007ffa5c210000 - 0x00007ffa5c22b000 	C:\WINDOWS\SYSTEM32\CRYPTSP.dll
0x00007ffa5ba70000 - 0x00007ffa5baa5000 	C:\WINDOWS\system32\rsaenh.dll
0x00007ffa5c0a0000 - 0x00007ffa5c0cc000 	C:\WINDOWS\SYSTEM32\USERENV.dll
0x00007ffa5c410000 - 0x00007ffa5c438000 	C:\WINDOWS\SYSTEM32\bcrypt.dll
0x00007ffa5c200000 - 0x00007ffa5c20c000 	C:\WINDOWS\SYSTEM32\CRYPTBASE.dll
0x00007ffa5b550000 - 0x00007ffa5b57d000 	C:\WINDOWS\SYSTEM32\IPHLPAPI.DLL
0x00007ffa5dd20000 - 0x00007ffa5dd29000 	C:\WINDOWS\System32\NSI.dll
0x00007ffa545e0000 - 0x00007ffa545f9000 	C:\WINDOWS\SYSTEM32\dhcpcsvc6.DLL
0x00007ffa54520000 - 0x00007ffa5453f000 	C:\WINDOWS\SYSTEM32\dhcpcsvc.DLL
0x00007ffa5b580000 - 0x00007ffa5b679000 	C:\WINDOWS\SYSTEM32\DNSAPI.dll
0x00007ffa493e0000 - 0x00007ffa493e7000 	C:\Program Files\JetBrains\IntelliJ IDEA 2023.1.4\jbr\bin\rmi.dll
0x00007ffa52e80000 - 0x00007ffa52f03000 	C:\WINDOWS\System32\fwpuclnt.dll
0x00007ffa4bd70000 - 0x00007ffa4bd7a000 	C:\Windows\System32\rasadhlp.dll

dbghelp: loaded successfully - version: 4.0.5 - missing functions: none
symbol engine: initialized successfully - sym options: 0x614 - pdb path: .;C:\Program Files\JetBrains\IntelliJ IDEA 2023.1.4\jbr\bin;C:\WINDOWS\SYSTEM32;C:\WINDOWS\WinSxS\amd64_microsoft.windows.common-controls_6595b64144ccf1df_6.0.22621.2506_none_270c5ae97388e100;C:\Program Files\JetBrains\IntelliJ IDEA 2023.1.4\jbr\bin\server

VM Arguments:
jvm_args: -Djava.net.preferIPv4Stack=true -Djava.rmi.server.hostname=127.0.0.1 -Duser.timezone=UTC -Xmx750m -Xms128m --add-exports=java.desktop/sun.awt=ALL-UNNAMED --add-exports=java.desktop/java.awt.peer=ALL-UNNAMED --add-opens=java.desktop/java.awt=ALL-UNNAMED --add-opens=jdk.unsupported/sun.misc=ALL-UNNAMED --add-opens=java.base/java.nio=ALL-UNNAMED --add-opens=java.base/java.util=ALL-UNNAMED -Dfile.encoding=UTF-8 
java_command: com.intellij.database.remote.RemoteJdbcServer org.mariadb.jdbc.Driver
java_class_path (initial): C:\Program Files\JetBrains\IntelliJ IDEA 2023.1.4\lib\util_rt.jar;C:\Program Files\JetBrains\IntelliJ IDEA 2023.1.4\lib\util-8.jar;C:\Program Files\JetBrains\IntelliJ IDEA 2023.1.4\lib\groovy.jar;C:\Program Files\JetBrains\IntelliJ IDEA 2023.1.4\plugins\DatabaseTools\lib\jdbc-console.jar;C:\Program Files\JetBrains\IntelliJ IDEA 2023.1.4\plugins\grid-core-impl\lib\jdbc-console-types.jar;C:\Program Files\JetBrains\IntelliJ IDEA 2023.1.4\lib\util.jar;C:\Users\ADMIN\AppData\Roaming\JetBrains\IntelliJIdea2023.1\jdbc-drivers\MariaDB Connector J\2.7.3\mariadb-java-client-2.7.3.jar
Launcher Type: SUN_STANDARD

[Global flags]
     intx CICompilerCount                          = 4                                         {product} {ergonomic}
     uint ConcGCThreads                            = 2                                         {product} {ergonomic}
     uint G1ConcRefinementThreads                  = 8                                         {product} {ergonomic}
   size_t G1HeapRegionSize                         = 1048576                                   {product} {ergonomic}
    uintx GCDrainStackTargetSize                   = 64                                        {product} {ergonomic}
   size_t InitialHeapSize                          = 134217728                                 {product} {command line}
   size_t MarkStackSize                            = 4194304                                   {product} {ergonomic}
   size_t MaxHeapSize                              = 786432000                                 {product} {command line}
   size_t MaxNewSize                               = 471859200                                 {product} {ergonomic}
   size_t MinHeapDeltaBytes                        = 1048576                                   {product} {ergonomic}
   size_t MinHeapSize                              = 134217728                                 {product} {command line}
    uintx NonNMethodCodeHeapSize                   = 5839372                                {pd product} {ergonomic}
    uintx NonProfiledCodeHeapSize                  = 122909434                              {pd product} {ergonomic}
    uintx ProfiledCodeHeapSize                     = 122909434                              {pd product} {ergonomic}
    uintx ReservedCodeCacheSize                    = 251658240                              {pd product} {ergonomic}
     bool SegmentedCodeCache                       = true                                      {product} {ergonomic}
   size_t SoftMaxHeapSize                          = 786432000                              {manageable} {ergonomic}
     bool UseCompressedClassPointers               = true                           {product lp64_product} {ergonomic}
     bool UseCompressedOops                        = true                           {product lp64_product} {ergonomic}
     bool UseG1GC                                  = true                                      {product} {ergonomic}
     bool UseLargePagesIndividualAllocation        = false                                  {pd product} {ergonomic}

Logging:
Log output configuration:
 #0: stdout all=warning uptime,level,tags
 #1: stderr all=off uptime,level,tags

Environment Variables:
JAVA_HOME=C:\zerobase\dev\jdk-17.0.8+7
PATH=C:\WINDOWS\SYSTEM32;C:\Program Files\Docker\Docker\resources\bin;C:\Program Files\MariaDB 11.2\bin;C:\zerobase;C:\Program Files\MySQL\MySQL Server 8.0\bin;C:\Windows\System32;C:\Users\ADMIN\AppData\Local\Programs\Python\Python311\Scripts\;C:\Users\ADMIN\AppData\Local\Programs\Python\Python311\;C:\Users\ADMIN\AppData\Local\Programs\Python\Python39\Scripts\;C:\Users\ADMIN\AppData\Local\Programs\Python\Python39\;C:\Users\ADMIN\AppData\Local\Microsoft\WindowsApps;C:\Users\ADMIN\AppData\Local\Programs\Microsoft VS Code\bin;C:\Users\ADMIN\AppData\Local\GitHubDesktop\bin;C:\Program Files\heroku\bin;C:\Users\ADMIN\AppData\Roaming\npm;C:\Program Files\JetBrains\IntelliJ IDEA Community Edition 2023.1.2\bin;;C:\Program Files\JetBrains\IntelliJ IDEA 2023.1.4\bin;C:\zerobase\dev\jdk-17.0.8+7\bin;;
USERNAME=ADMIN
OS=Windows_NT
PROCESSOR_IDENTIFIER=Intel64 Family 6 Model 142 Stepping 12, GenuineIntel
TMP=C:\Users\ADMIN\AppData\Local\Temp
TEMP=C:\Users\ADMIN\AppData\Local\Temp


JNI global refs:
JNI global refs: 18, weak refs: 0

JNI global refs memory usage: 843, weak refs: 841


---------------  S Y S T E M  ---------------

OS:
 Windows 11 , 64 bit Build 22621 (10.0.22621.2506)
OS uptime: 24 days 0:03 hours
Hyper-V role detected

CPU: total 8 (initial active 8) (4 cores per cpu, 2 threads per core) family 6 model 142 stepping 12 microcode 0xde, cx8, cmov, fxsr, ht, mmx, 3dnowpref, sse, sse2, sse3, ssse3, sse4.1, sse4.2, popcnt, lzcnt, tsc, tscinvbit, avx, avx2, aes, erms, clmul, bmi1, bmi2, adx, fma, vzeroupper, clflush, clflushopt, hv

Memory: 4k page, system-wide physical 8082M (311M free)
TotalPageFile size 32658M (AvailPageFile size 0M)
current process WorkingSet (physical memory assigned to process): 73M, peak: 73M
current process commit charge ("private bytes"): 225M, peak: 226M

vm_info: OpenJDK 64-Bit Server VM (17.0.7+10-b829.16) for windows-amd64 JRE (17.0.7+10-b829.16), built on 2023-06-02 by "builduser" with MS VC++ 16.10 / 16.11 (VS2019)

END.
