#
# There is insufficient memory for the Java Runtime Environment to continue.
# Native memory allocation (mmap) failed to map 134217728 bytes for G1 virtual space
# Possible reasons:
#   The system is out of physical RAM or swap space
#   The process is running with CompressedOops enabled, and the Java Heap may be blocking the growth of the native heap
# Possible solutions:
#   Reduce memory load on the system
#   Increase physical memory or swap space
#   Check if swap backing store is full
#   Decrease Java heap size (-Xmx/-Xms)
#   Decrease number of Java threads
#   Decrease Java thread stack sizes (-Xss)
#   Set larger code cache with -XX:ReservedCodeCacheSize=
#   JVM is running with Unscaled Compressed Oops mode in which the Java heap is
#     placed in the first 4GB address space. The Java Heap base address is the
#     maximum limit for the native heap growth. Please use -XX:HeapBaseMinAddress
#     to set the Java Heap base and to place the Java Heap above 4GB virtual address.
# This output file may be truncated or incomplete.
#
#  Out of Memory Error (os_windows.cpp:3771), pid=71232, tid=69644
#
# JRE version:  (17.0.7+10) (build )
# Java VM: OpenJDK 64-Bit Server VM (17.0.7+10-b829.16, mixed mode, sharing, tiered, compressed oops, compressed class ptrs, g1 gc, windows-amd64)
# No core dump will be written. Minidumps are not enabled by default on client versions of Windows
#

---------------  S U M M A R Y ------------

Command Line: -Djava.net.preferIPv4Stack=true -Djava.rmi.server.hostname=127.0.0.1 -Duser.timezone=UTC -Xmx750m -Xms128m --add-exports=java.desktop/sun.awt=ALL-UNNAMED --add-exports=java.desktop/java.awt.peer=ALL-UNNAMED --add-opens=java.desktop/java.awt=ALL-UNNAMED --add-opens=jdk.unsupported/sun.misc=ALL-UNNAMED --add-opens=java.base/java.nio=ALL-UNNAMED --add-opens=java.base/java.util=ALL-UNNAMED -Dfile.encoding=UTF-8 com.intellij.database.remote.RemoteJdbcServer org.mariadb.jdbc.Driver

Host: Intel(R) Core(TM) i5-8265U CPU @ 1.60GHz, 8 cores, 7G,  Windows 11 , 64 bit Build 22621 (10.0.22621.2506)
Time: Mon Dec 11 13:01:32 2023  Windows 11 , 64 bit Build 22621 (10.0.22621.2506) elapsed time: 0.036208 seconds (0d 0h 0m 0s)

---------------  T H R E A D  ---------------

Current thread (0x000001a3eb75b060):  JavaThread "Unknown thread" [_thread_in_vm, id=69644, stack(0x0000009031d00000,0x0000009031e00000)]

Stack: [0x0000009031d00000,0x0000009031e00000]
Native frames: (J=compiled Java code, j=interpreted, Vv=VM code, C=native code)
V  [jvm.dll+0x683cca]
V  [jvm.dll+0x8424b4]
V  [jvm.dll+0x843cae]
V  [jvm.dll+0x844313]
V  [jvm.dll+0x24ad2f]
V  [jvm.dll+0x680b99]
V  [jvm.dll+0x67526a]
V  [jvm.dll+0x30b3cb]
V  [jvm.dll+0x312876]
V  [jvm.dll+0x36221e]
V  [jvm.dll+0x36244f]
V  [jvm.dll+0x2e14a8]
V  [jvm.dll+0x2e2414]
V  [jvm.dll+0x814441]
V  [jvm.dll+0x36ffe1]
V  [jvm.dll+0x7f3a1c]
V  [jvm.dll+0x3f305f]
V  [jvm.dll+0x3f4b91]
C  [jli.dll+0x528f]
C  [ucrtbase.dll+0x29363]
C  [KERNEL32.DLL+0x1257d]
C  [ntdll.dll+0x5aa58]


---------------  P R O C E S S  ---------------

Threads class SMR info:
_java_thread_list=0x00007ffa141fb098, length=0, elements={
}

Java Threads: ( => current thread )

Other Threads:
  0x000001a3eb78f940 GCTaskThread "GC Thread#0" [stack: 0x0000009031e00000,0x0000009031f00000] [id=64420]
  0x000001a3eb7973f0 ConcurrentGCThread "G1 Main Marker" [stack: 0x0000009031f00000,0x0000009032000000] [id=68472]
  0x000001a3eb798e10 ConcurrentGCThread "G1 Conc#0" [stack: 0x0000009032000000,0x0000009032100000] [id=68372]

[error occurred during error reporting (printing all threads), id 0xc0000005, EXCEPTION_ACCESS_VIOLATION (0xc0000005) at pc=0x00007ffa139b2087]

VM state: not at safepoint (not fully initialized)

VM Mutex/Monitor currently owned by a thread:  ([mutex/lock_event])
[0x000001a3eb755700] Heap_lock - owner thread: 0x000001a3eb75b060

Heap address: 0x00000000d1200000, size: 750 MB, Compressed Oops mode: 32-bit

CDS archive(s) mapped at: [0x0000000000000000-0x0000000000000000-0x0000000000000000), size 0, SharedBaseAddress: 0x0000000800000000, ArchiveRelocationMode: 0.
Narrow klass base: 0x0000000000000000, Narrow klass shift: 0, Narrow klass range: 0x0

GC Precious Log:
<Empty>

Heap:
 garbage-first heap   total 0K, used 0K [0x00000000d1200000, 0x0000000100000000)
  region size 1024K, 0 young (0K), 0 survivors (0K)

[error occurred during error reporting (printing heap information), id 0xc0000005, EXCEPTION_ACCESS_VIOLATION (0xc0000005) at pc=0x00007ffa13d9df59]

GC Heap History (0 events):
No events

Dll operation events (1 events):
Event: 0.019 Loaded shared library C:\Program Files\JetBrains\IntelliJ IDEA 2023.1.4\jbr\bin\java.dll

Deoptimization events (0 events):
No events

Classes unloaded (0 events):
No events

Classes redefined (0 events):
No events

Internal exceptions (0 events):
No events

VM Operations (0 events):
No events

Events (0 events):
No events


Dynamic libraries:
0x00007ff625420000 - 0x00007ff62542a000 	C:\Program Files\JetBrains\IntelliJ IDEA 2023.1.4\jbr\bin\java.exe
0x00007ffa5f6f0000 - 0x00007ffa5f907000 	C:\WINDOWS\SYSTEM32\ntdll.dll
0x00007ffa5e250000 - 0x00007ffa5e314000 	C:\WINDOWS\System32\KERNEL32.DLL
0x00007ffa5d090000 - 0x00007ffa5d435000 	C:\WINDOWS\System32\KERNELBASE.dll
0x00007ffa5cd00000 - 0x00007ffa5ce11000 	C:\WINDOWS\System32\ucrtbase.dll
0x00007ffa55710000 - 0x00007ffa5572b000 	C:\Program Files\JetBrains\IntelliJ IDEA 2023.1.4\jbr\bin\VCRUNTIME140.dll
0x00007ffa470b0000 - 0x00007ffa470c7000 	C:\Program Files\JetBrains\IntelliJ IDEA 2023.1.4\jbr\bin\jli.dll
0x00007ffa5e8d0000 - 0x00007ffa5ea7e000 	C:\WINDOWS\System32\USER32.dll
0x00007ffa5cf40000 - 0x00007ffa5cf66000 	C:\WINDOWS\System32\win32u.dll
0x00007ffa5f1c0000 - 0x00007ffa5f1e9000 	C:\WINDOWS\System32\GDI32.dll
0x00007ffa5ce20000 - 0x00007ffa5cf39000 	C:\WINDOWS\System32\gdi32full.dll
0x00007ffa5cff0000 - 0x00007ffa5d08a000 	C:\WINDOWS\System32\msvcp_win.dll
0x00007ffa4bab0000 - 0x00007ffa4bd43000 	C:\WINDOWS\WinSxS\amd64_microsoft.windows.common-controls_6595b64144ccf1df_6.0.22621.2506_none_270c5ae97388e100\COMCTL32.dll
0x00007ffa5e1a0000 - 0x00007ffa5e247000 	C:\WINDOWS\System32\msvcrt.dll
0x00007ffa5f410000 - 0x00007ffa5f441000 	C:\WINDOWS\System32\IMM32.DLL
0x00007ffa55700000 - 0x00007ffa5570c000 	C:\Program Files\JetBrains\IntelliJ IDEA 2023.1.4\jbr\bin\vcruntime140_1.dll
0x00007ffa1f800000 - 0x00007ffa1f88d000 	C:\Program Files\JetBrains\IntelliJ IDEA 2023.1.4\jbr\bin\msvcp140.dll
0x00007ffa136c0000 - 0x00007ffa1432e000 	C:\Program Files\JetBrains\IntelliJ IDEA 2023.1.4\jbr\bin\server\jvm.dll
0x00007ffa5ea80000 - 0x00007ffa5eb31000 	C:\WINDOWS\System32\ADVAPI32.dll
0x00007ffa5f360000 - 0x00007ffa5f406000 	C:\WINDOWS\System32\sechost.dll
0x00007ffa5e320000 - 0x00007ffa5e437000 	C:\WINDOWS\System32\RPCRT4.dll
0x00007ffa553f0000 - 0x00007ffa55424000 	C:\WINDOWS\SYSTEM32\WINMM.dll
0x00007ffa3c410000 - 0x00007ffa3c419000 	C:\WINDOWS\SYSTEM32\WSOCK32.dll
0x00007ffa5e020000 - 0x00007ffa5e091000 	C:\WINDOWS\System32\WS2_32.dll
0x00007ffa54ba0000 - 0x00007ffa54baa000 	C:\WINDOWS\SYSTEM32\VERSION.dll
0x00007ffa5bab0000 - 0x00007ffa5bac8000 	C:\WINDOWS\SYSTEM32\kernel.appcore.dll
0x00007ffa57d10000 - 0x00007ffa57d1a000 	C:\Program Files\JetBrains\IntelliJ IDEA 2023.1.4\jbr\bin\jimage.dll
0x00007ffa5a0a0000 - 0x00007ffa5a2d3000 	C:\WINDOWS\SYSTEM32\DBGHELP.DLL
0x00007ffa5e540000 - 0x00007ffa5e8c9000 	C:\WINDOWS\System32\combase.dll
0x00007ffa5e440000 - 0x00007ffa5e517000 	C:\WINDOWS\System32\OLEAUT32.dll
0x00007ffa42540000 - 0x00007ffa42572000 	C:\WINDOWS\SYSTEM32\dbgcore.DLL
0x00007ffa5cf70000 - 0x00007ffa5cfea000 	C:\WINDOWS\System32\bcryptPrimitives.dll
0x00007ffa48820000 - 0x00007ffa48845000 	C:\Program Files\JetBrains\IntelliJ IDEA 2023.1.4\jbr\bin\java.dll

dbghelp: loaded successfully - version: 4.0.5 - missing functions: none
symbol engine: initialized successfully - sym options: 0x614 - pdb path: .;C:\Program Files\JetBrains\IntelliJ IDEA 2023.1.4\jbr\bin;C:\WINDOWS\SYSTEM32;C:\WINDOWS\WinSxS\amd64_microsoft.windows.common-controls_6595b64144ccf1df_6.0.22621.2506_none_270c5ae97388e100;C:\Program Files\JetBrains\IntelliJ IDEA 2023.1.4\jbr\bin\server

VM Arguments:
jvm_args: -Djava.net.preferIPv4Stack=true -Djava.rmi.server.hostname=127.0.0.1 -Duser.timezone=UTC -Xmx750m -Xms128m --add-exports=java.desktop/sun.awt=ALL-UNNAMED --add-exports=java.desktop/java.awt.peer=ALL-UNNAMED --add-opens=java.desktop/java.awt=ALL-UNNAMED --add-opens=jdk.unsupported/sun.misc=ALL-UNNAMED --add-opens=java.base/java.nio=ALL-UNNAMED --add-opens=java.base/java.util=ALL-UNNAMED -Dfile.encoding=UTF-8 
java_command: com.intellij.database.remote.RemoteJdbcServer org.mariadb.jdbc.Driver
java_class_path (initial): C:\Program Files\JetBrains\IntelliJ IDEA 2023.1.4\lib\util_rt.jar;C:\Program Files\JetBrains\IntelliJ IDEA 2023.1.4\lib\util-8.jar;C:\Program Files\JetBrains\IntelliJ IDEA 2023.1.4\lib\groovy.jar;C:\Program Files\JetBrains\IntelliJ IDEA 2023.1.4\plugins\DatabaseTools\lib\jdbc-console.jar;C:\Program Files\JetBrains\IntelliJ IDEA 2023.1.4\plugins\grid-core-impl\lib\jdbc-console-types.jar;C:\Program Files\JetBrains\IntelliJ IDEA 2023.1.4\lib\util.jar;C:\Users\ADMIN\AppData\Roaming\JetBrains\IntelliJIdea2023.1\jdbc-drivers\MariaDB Connector J\2.7.3\mariadb-java-client-2.7.3.jar
Launcher Type: SUN_STANDARD

[Global flags]
     intx CICompilerCount                          = 4                                         {product} {ergonomic}
     uint ConcGCThreads                            = 2                                         {product} {ergonomic}
     uint G1ConcRefinementThreads                  = 8                                         {product} {ergonomic}
   size_t G1HeapRegionSize                         = 1048576                                   {product} {ergonomic}
    uintx GCDrainStackTargetSize                   = 64                                        {product} {ergonomic}
   size_t InitialHeapSize                          = 134217728                                 {product} {command line}
   size_t MarkStackSize                            = 4194304                                   {product} {ergonomic}
   size_t MaxHeapSize                              = 786432000                                 {product} {command line}
   size_t MinHeapDeltaBytes                        = 1048576                                   {product} {ergonomic}
   size_t MinHeapSize                              = 134217728                                 {product} {command line}
    uintx NonNMethodCodeHeapSize                   = 5839372                                {pd product} {ergonomic}
    uintx NonProfiledCodeHeapSize                  = 122909434                              {pd product} {ergonomic}
    uintx ProfiledCodeHeapSize                     = 122909434                              {pd product} {ergonomic}
    uintx ReservedCodeCacheSize                    = 251658240                              {pd product} {ergonomic}
     bool SegmentedCodeCache                       = true                                      {product} {ergonomic}
   size_t SoftMaxHeapSize                          = 786432000                              {manageable} {ergonomic}
     bool UseCompressedClassPointers               = true                           {product lp64_product} {ergonomic}
     bool UseCompressedOops                        = true                           {product lp64_product} {ergonomic}
     bool UseG1GC                                  = true                                      {product} {ergonomic}
     bool UseLargePagesIndividualAllocation        = false                                  {pd product} {ergonomic}

Logging:
Log output configuration:
 #0: stdout all=warning uptime,level,tags
 #1: stderr all=off uptime,level,tags

Environment Variables:
JAVA_HOME=C:\zerobase\dev\jdk-17.0.8+7
PATH=C:\WINDOWS\SYSTEM32;C:\Program Files\Docker\Docker\resources\bin;C:\Program Files\MariaDB 11.2\bin;C:\zerobase;C:\Program Files\MySQL\MySQL Server 8.0\bin;C:\Windows\System32;C:\Users\ADMIN\AppData\Local\Programs\Python\Python311\Scripts\;C:\Users\ADMIN\AppData\Local\Programs\Python\Python311\;C:\Users\ADMIN\AppData\Local\Programs\Python\Python39\Scripts\;C:\Users\ADMIN\AppData\Local\Programs\Python\Python39\;C:\Users\ADMIN\AppData\Local\Microsoft\WindowsApps;C:\Users\ADMIN\AppData\Local\Programs\Microsoft VS Code\bin;C:\Users\ADMIN\AppData\Local\GitHubDesktop\bin;C:\Program Files\heroku\bin;C:\Users\ADMIN\AppData\Roaming\npm;C:\Program Files\JetBrains\IntelliJ IDEA Community Edition 2023.1.2\bin;;C:\Program Files\JetBrains\IntelliJ IDEA 2023.1.4\bin;C:\zerobase\dev\jdk-17.0.8+7\bin;;
USERNAME=ADMIN
OS=Windows_NT
PROCESSOR_IDENTIFIER=Intel64 Family 6 Model 142 Stepping 12, GenuineIntel
TMP=C:\Users\ADMIN\AppData\Local\Temp
TEMP=C:\Users\ADMIN\AppData\Local\Temp


JNI global refs:

[error occurred during error reporting (JNI global references), id 0xc0000005, EXCEPTION_ACCESS_VIOLATION (0xc0000005) at pc=0x00007ffa13777fc0]


---------------  S Y S T E M  ---------------

OS:
 Windows 11 , 64 bit Build 22621 (10.0.22621.2506)
OS uptime: 24 days 0:03 hours
Hyper-V role detected

CPU: total 8 (initial active 8) (4 cores per cpu, 2 threads per core) family 6 model 142 stepping 12 microcode 0xde, cx8, cmov, fxsr, ht, mmx, 3dnowpref, sse, sse2, sse3, ssse3, sse4.1, sse4.2, popcnt, lzcnt, tsc, tscinvbit, avx, avx2, aes, erms, clmul, bmi1, bmi2, adx, fma, vzeroupper, clflush, clflushopt, hv

Memory: 4k page, system-wide physical 8082M (425M free)
TotalPageFile size 32658M (AvailPageFile size 57M)
current process WorkingSet (physical memory assigned to process): 11M, peak: 11M
current process commit charge ("private bytes"): 60M, peak: 187M

vm_info: OpenJDK 64-Bit Server VM (17.0.7+10-b829.16) for windows-amd64 JRE (17.0.7+10-b829.16), built on 2023-06-02 by "builduser" with MS VC++ 16.10 / 16.11 (VS2019)

END.
